Digite o nivel do jogo 1-fácil, 2-normal, 3-difícil, 4-insano: 
Números inseridos no jogo:


Qual o valor mais próximo de 32 digite -1 para sair:


Errou! 98 não é a resposta!
Tente novamente: 
Errou! 67 não é a resposta!
Tente novamente: 
Errou! 31 não é a resposta!
Tente novamente: 
Errou! 6 não é a resposta!
Tente novamente: 
Errou! 59 não é a resposta!
Tente novamente: 
Errou! 99 não é a resposta!
Tente novamente: 
Errou! 72 não é a resposta!
Tente novamente: 
Errou! 38 não é a resposta!
Tente novamente: 
Errou! 75 não é a resposta!
Tente novamente: 
Errou! 54 não é a resposta!
Tente novamente: 
Errou! 23 não é a resposta!
Tente novamente: 
Errou! 70 não é a resposta!
Tente novamente: 
Errou! 1 não é a resposta!
Tente novamente: 
Errou! 3 não é a resposta!
Tente novamente: 
Errou! 4 não é a resposta!
Tente novamente: 
Errou! 69 não é a resposta!
Tente novamente: 
Errou! 6 não é a resposta!
Tente novamente: 
Errou! 82 não é a resposta!
Tente novamente: 
Errou! 93 não é a resposta!
Tente novamente: 
Errou! 2 não é a resposta!
Tente novamente: 
Errou! 5 não é a resposta!
Tente novamente: 
Errou! 27 não é a resposta!
Tente novamente: 
Errou! 58 não é a resposta!
Tente novamente: 
Errou! 82 não é a resposta!
Tente novamente: 
Errou! 30 não é a resposta!
Tente novamente: 
Errou! 58 não é a resposta!
Tente novamente: 
Errou! 23 não é a resposta!
Tente novamente: 
Errou! 39 não é a resposta!
Tente novamente: 
Errou! 61 não é a resposta!
Tente novamente: 
Errou! 32 não é a resposta!
Tente novamente: 
Errou! 37 não é a resposta!
Tente novamente: 
Errou! 100 não é a resposta!
Tente novamente: 
Errou! 87 não é a resposta!
Tente novamente: 
Errou! 100 não é a resposta!
Tente novamente: 
Errou! 45 não é a resposta!
Tente novamente: 
Errou! 88 não é a resposta!
Tente novamente: 
Errou! 33 não é a resposta!
Tente novamente: 
Errou! 72 não é a resposta!
Tente novamente: 
Errou! 24 não é a resposta!
Tente novamente: 
Errou! 12 não é a resposta!
Tente novamente: 
Errou! 44 não é a resposta!
Tente novamente: 
Errou! 11 não é a resposta!
Tente novamente: 
Errou! 8 não é a resposta!
Tente novamente: 
Errou! 78 não é a resposta!
Tente novamente: 
Errou! 21 não é a resposta!
Tente novamente: 
Errou! 7 não é a resposta!
Tente novamente: 
Errou! 68 não é a resposta!
Tente novamente: 
Errou! 19 não é a resposta!
Tente novamente: 
Errou! 6 não é a resposta!
Tente novamente: 
Errou! 63 não é a resposta!
Tente novamente: 
Errou! 15 não é a resposta!
Tente novamente: 
Errou! 49 não é a resposta!
Tente novamente: 
Errou! 46 não é a resposta!
Tente novamente: 
Errou! 46 não é a resposta!
Tente novamente: 
Errou! 60 não é a resposta!
Tente novamente: 
Errou! 50 não é a resposta!
Tente novamente: 
Errou! 30 não é a resposta!
Tente novamente: 
Errou! 1 não é a resposta!
Tente novamente: 
Errou! 33 não é a resposta!
Tente novamente: 
Errou! 99 não é a resposta!
Tente novamente: 
Errou! 35 não é a resposta!
Tente novamente: 
Errou! 97 não é a resposta!
Tente novamente: 
Errou! 4 não é a resposta!
Tente novamente: 
Errou! 64 não é a resposta!
Tente novamente: 
Errou! 48 não é a resposta!
Tente novamente: 
Errou! 42 não é a resposta!
Tente novamente: 
Errou! 30 não é a resposta!
Tente novamente: 
Errou! 86 não é a resposta!
Tente novamente: 
Errou! 77 não é a resposta!
Tente novamente: 
Errou! 73 não é a resposta!
Tente novamente: 
Errou! 54 não é a resposta!
Tente novamente: 
Errou! 98 não é a resposta!
Tente novamente: 
Errou! 24 não é a resposta!
Tente novamente: 
Errou! 92 não é a resposta!
Tente novamente: 
Errou! 81 não é a resposta!
Tente novamente: 
Errou! 56 não é a resposta!
Tente novamente: 
Errou! 22 não é a resposta!
Tente novamente: 
Errou! 86 não é a resposta!
Tente novamente: 
Errou! 37 não é a resposta!
Tente novamente: 
Errou! 53 não é a resposta!
Tente novamente: 
Errou! 96 não é a resposta!
Tente novamente: 
Errou! 82 não é a resposta!
Tente novamente: 
Errou! 38 não é a resposta!
Tente novamente: 
Errou! 66 não é a resposta!
Tente novamente: 
Errou! 64 não é a resposta!
Tente novamente: 
Errou! 16 não é a resposta!
Tente novamente: 
Errou! 15 não é a resposta!
Tente novamente: 
Errou! 27 não é a resposta!
Tente novamente: 
Errou! 40 não é a resposta!
Tente novamente: 
Errou! 80 não é a resposta!
Tente novamente: 
Errou! 47 não é a resposta!
Tente novamente: 
Errou! 92 não é a resposta!
Tente novamente: 
Errou! 64 não é a resposta!
Tente novamente: 
Errou! 80 não é a resposta!
Tente novamente: 
Errou! 37 não é a resposta!
Tente novamente: 
Errou! 90 não é a resposta!
Tente novamente: 
Errou! 82 não é a resposta!
Tente novamente: 
Errou! 40 não é a resposta!
Tente novamente: 
Errou! 50 não é a resposta!
Tente novamente: 
Errou! 51 não é a resposta!
Tente novamente: 
Errou! 93 não é a resposta!
Tente novamente: 
Errou! 33 não é a resposta!
Tente novamente: 
Errou! 91 não é a resposta!
Tente novamente: 
Errou! 33 não é a resposta!
Tente novamente: 
Errou! 62 não é a resposta!
Tente novamente: 
Errou! 12 não é a resposta!
Tente novamente: 
Errou! 79 não é a resposta!
Tente novamente: 
Errou! 33 não é a resposta!
Tente novamente: 
Errou! 33 não é a resposta!
Tente novamente: 
Errou! 53 não é a resposta!
Tente novamente: 
Errou! 4 não é a resposta!
Tente novamente: 
Errou! 21 não é a resposta!
Tente novamente: 
Errou! 56 não é a resposta!
Tente novamente: 
Errou! 89 não é a resposta!
Tente novamente: 
Errou! 9 não é a resposta!
Tente novamente: 
Errou! 83 não é a resposta!
Tente novamente: 
Errou! 40 não é a resposta!
Tente novamente: 
Errou! 77 não é a resposta!
Tente novamente: 
Errou! 26 não é a resposta!
Tente novamente: 
Errou! 28 não é a resposta!
Tente novamente: 
Errou! 63 não é a resposta!
Tente novamente: 
Errou! 26 não é a resposta!
Tente novamente: 
Errou! 5 não é a resposta!
Tente novamente: 
Errou! 83 não é a resposta!
Tente novamente: 
Errou! 62 não é a resposta!
Tente novamente: 
Errou! 42 não é a resposta!
Tente novamente: 
Errou! 5 não é a resposta!
Tente novamente: 
Errou! 88 não é a resposta!
Tente novamente: 
Errou! 59 não é a resposta!
Tente novamente: 
Errou! 85 não é a resposta!
Tente novamente: 
Errou! 99 não é a resposta!
Tente novamente: 
Errou! 21 não é a resposta!
Tente novamente: 
Errou! 54 não é a resposta!
Tente novamente: 
Errou! 82 não é a resposta!
Tente novamente: 
Errou! 53 não é a resposta!
Tente novamente: 
Errou! 51 não é a resposta!
Tente novamente: 
Errou! 53 não é a resposta!
Tente novamente: 
Errou! 10 não é a resposta!
Tente novamente: 
Errou! 1 não é a resposta!
Tente novamente: 
Errou! 90 não é a resposta!
Tente novamente: 
Errou! 2 não é a resposta!
Tente novamente: 
Errou! 45 não é a resposta!
Tente novamente: 
Errou! 14 não é a resposta!
Tente novamente: 
Errou! 72 não é a resposta!
Tente novamente: 
Errou! 68 não é a resposta!
Tente novamente: 
Errou! 74 não é a resposta!
Tente novamente: 
Errou! 12 não é a resposta!
Tente novamente: 
Errou! 84 não é a resposta!
Tente novamente: 
Errou! 8 não é a resposta!
Tente novamente: 
Errou! 81 não é a resposta!
Tente novamente: 
Errou! 24 não é a resposta!
Tente novamente: 
Errou! 53 não é a resposta!
Tente novamente: 
Errou! 71 não é a resposta!
Tente novamente: 
Errou! 46 não é a resposta!
Tente novamente: 
Errou! 69 não é a resposta!
Tente novamente: 
Errou! 82 não é a resposta!
Tente novamente: 
Errou! 24 não é a resposta!
Tente novamente: 
Errou! 90 não é a resposta!
Tente novamente: 
Errou! 25 não é a resposta!
Tente novamente: 
Errou! 66 não é a resposta!
Tente novamente: 
Errou! 80 não é a resposta!
Tente novamente: 
Errou! 15 não é a resposta!
Tente novamente: 
Errou! 75 não é a resposta!
Tente novamente: 
Errou! 19 não é a resposta!
Tente novamente: 
Errou! 88 não é a resposta!
Tente novamente: 
Errou! 80 não é a resposta!
Tente novamente: 
Errou! 73 não é a resposta!
Tente novamente: 
Errou! 21 não é a resposta!
Tente novamente: 
Errou! 39 não é a resposta!
Tente novamente: 
Errou! 13 não é a resposta!
Tente novamente: 
Errou! 20 não é a resposta!
Tente novamente: 
Errou! 69 não é a resposta!
Tente novamente: Parabéns! Você acertou! O número mais próximo de 32 é 36.


Qual o valor mais próximo de 14:

Errou! 90 não é a resposta!
Tente novamente: 
Errou! 83 não é a resposta!
Tente novamente: 
Errou! 51 não é a resposta!
Tente novamente: 
Errou! 2 não é a resposta!
Tente novamente: 
Errou! 8 não é a resposta!
Tente novamente: 
Errou! 17 não é a resposta!
Tente novamente: 
Errou! 51 não é a resposta!
Tente novamente: 
Errou! 7 não é a resposta!
Tente novamente: 
Errou! 56 não é a resposta!
Tente novamente: 
Errou! 36 não é a resposta!
Tente novamente: 
Errou! 40 não é a resposta!
Tente novamente: 
Errou! 30 não é a resposta!
Tente novamente: 
Errou! 52 não é a resposta!
Tente novamente: 
Errou! 55 não é a resposta!
Tente novamente: 
Errou! 40 não é a resposta!
Tente novamente: 
Errou! 27 não é a resposta!
Tente novamente: 
Errou! 97 não é a resposta!
Tente novamente: 
Errou! 29 não é a resposta!
Tente novamente: 
Errou! 57 não é a resposta!
Tente novamente: Parabéns! Você acertou! O número mais próximo de 14 é 15.


Qual o valor mais próximo de 12:

Errou! 20 não é a resposta!
Tente novamente: 
Errou! 85 não é a resposta!
Tente novamente: 
Errou! 96 não é a resposta!
Tente novamente: 
Errou! 79 não é a resposta!
Tente novamente: 
Errou! 47 não é a resposta!
Tente novamente: 
Errou! 21 não é a resposta!
Tente novamente: 
Errou! 12 não é a resposta!
Tente novamente: 
Errou! 25 não é a resposta!
Tente novamente: 
Errou! 3 não é a resposta!
Tente novamente: 
Errou! 17 não é a resposta!
Tente novamente: 
Errou! 55 não é a resposta!
Tente novamente: 
Errou! 9 não é a resposta!
Tente novamente: 
Errou! 68 não é a resposta!
Tente novamente: 
Errou! 1 não é a resposta!
Tente novamente: 
Errou! 37 não é a resposta!
Tente novamente: 
Errou! 46 não é a resposta!
Tente novamente: 
Errou! 96 não é a resposta!
Tente novamente: 
Errou! 45 não é a resposta!
Tente novamente: 
Errou! 94 não é a resposta!
Tente novamente: 
Errou! 19 não é a resposta!
Tente novamente: 
Errou! 83 não é a resposta!
Tente novamente: 
Errou! 89 não é a resposta!
Tente novamente: 
Errou! 16 não é a resposta!
Tente novamente: 
Errou! 4 não é a resposta!
Tente novamente: 
Errou! 81 não é a resposta!
Tente novamente: 
Errou! 41 não é a resposta!
Tente novamente: 
Errou! 40 não é a resposta!
Tente novamente: 
Errou! 79 não é a resposta!
Tente novamente: 
Errou! 25 não é a resposta!
Tente novamente: 
Errou! 4 não é a resposta!
Tente novamente: 
Errou! 65 não é a resposta!
Tente novamente: 
Errou! 78 não é a resposta!
Tente novamente: 
Errou! 84 não é a resposta!
Tente novamente: 
Errou! 4 não é a resposta!
Tente novamente: 
Errou! 35 não é a resposta!
Tente novamente: 
Errou! 90 não é a resposta!
Tente novamente: 
Errou! 89 não é a resposta!
Tente novamente: 
Errou! 92 não é a resposta!
Tente novamente: 
Errou! 89 não é a resposta!
Tente novamente: 
Errou! 53 não é a resposta!
Tente novamente: 
Errou! 80 não é a resposta!
Tente novamente: 
Errou! 59 não é a resposta!
Tente novamente: 
Errou! 62 não é a resposta!
Tente novamente: 
Errou! 38 não é a resposta!
Tente novamente: 
Errou! 23 não é a resposta!
Tente novamente: 
Errou! 56 não é a resposta!
Tente novamente: 
Errou! 33 não é a resposta!
Tente novamente: 
Errou! 57 não é a resposta!
Tente novamente: 
Errou! 92 não é a resposta!
Tente novamente: 
Errou! 73 não é a resposta!
Tente novamente: 
Errou! 87 não é a resposta!
Tente novamente: 
Errou! 63 não é a resposta!
Tente novamente: 
Errou! 63 não é a resposta!
Tente novamente: 
Errou! 73 não é a resposta!
Tente novamente: 
Errou! 96 não é a resposta!
Tente novamente: 
Errou! 72 não é a resposta!
Tente novamente: 
Errou! 37 não é a resposta!
Tente novamente: 
Errou! 95 não é a resposta!
Tente novamente: 
Errou! 58 não é a resposta!
Tente novamente: 
Errou! 74 não é a resposta!
Tente novamente: 
Errou! 89 não é a resposta!
Tente novamente: 
Errou! 59 não é a resposta!
Tente novamente: 
Errou! 9 não é a resposta!
Tente novamente: 
Errou! 67 não é a resposta!
Tente novamente: 
Errou! 1 não é a resposta!
Tente novamente: 
Errou! 68 não é a resposta!
Tente novamente: 
Errou! 32 não é a resposta!
Tente novamente: 
Errou! 13 não é a resposta!
Tente novamente: 
Errou! 73 não é a resposta!
Tente novamente: 
Errou! 37 não é a resposta!
Tente novamente: 
Errou! 54 não é a resposta!
Tente novamente: 
Errou! 40 não é a resposta!
Tente novamente: 
Errou! 72 não é a resposta!
Tente novamente: 
Errou! 66 não é a resposta!
Tente novamente: 
Errou! 8 não é a resposta!
Tente novamente: 
Errou! 87 não é a resposta!
Tente novamente: 
Errou! 41 não é a resposta!
Tente novamente: 
Errou! 88 não é a resposta!
Tente novamente: 
Errou! 60 não é a resposta!
Tente novamente: 
Errou! 71 não é a resposta!
Tente novamente: 
Errou! 17 não é a resposta!
Tente novamente: 
Errou! 69 não é a resposta!
Tente novamente: 
Errou! 42 não é a resposta!
Tente novamente: 
Errou! 61 não é a resposta!
Tente novamente: 
Errou! 81 não é a resposta!
Tente novamente: 
Errou! 17 não é a resposta!
Tente novamente: 
Errou! 45 não é a resposta!
Tente novamente: 
Errou! 79 não é a resposta!
Tente novamente: 
Errou! 25 não é a resposta!
Tente novamente: Parabéns! Você acertou! O número mais próximo de 12 é 15.


Qual o valor mais próximo de 4:

Errou! 3 não é a resposta!
Tente novamente: 
Errou! 63 não é a resposta!
Tente novamente: 
Errou! 84 não é a resposta!
Tente novamente: 
Errou! 3 não é a resposta!
Tente novamente: 
Errou! 69 não é a resposta!
Tente novamente: 
Errou! 65 não é a resposta!
Tente novamente: 
Errou! 23 não é a resposta!
Tente novamente: 
Errou! 29 não é a resposta!
Tente novamente: 
Errou! 8 não é a resposta!
Tente novamente: 
Errou! 35 não é a resposta!
Tente novamente: 
Errou! 48 não é a resposta!
Tente novamente: 
Errou! 51 não é a resposta!
Tente novamente: 
Errou! 90 não é a resposta!
Tente novamente: 
Errou! 73 não é a resposta!
Tente novamente: 
Errou! 30 não é a resposta!
Tente novamente: 
Errou! 33 não é a resposta!
Tente novamente: 
Errou! 12 não é a resposta!
Tente novamente: 
Errou! 16 não é a resposta!
Tente novamente: 
Errou! 58 não é a resposta!
Tente novamente: 
Errou! 64 não é a resposta!
Tente novamente: 
Errou! 72 não é a resposta!
Tente novamente: 
Errou! 76 não é a resposta!
Tente novamente: 
Errou! 3 não é a resposta!
Tente novamente: 
Errou! 68 não é a resposta!
Tente novamente: 
Errou! 32 não é a resposta!
Tente novamente: 
Errou! 93 não é a resposta!
Tente novamente: 
Errou! 3 não é a resposta!
Tente novamente: 
Errou! 22 não é a resposta!
Tente novamente: 
Errou! 59 não é a resposta!
Tente novamente: 
Errou! 10 não é a resposta!
Tente novamente: 
Errou! 89 não é a resposta!
Tente novamente: 
Errou! 85 não é a resposta!
Tente novamente: 
Errou! 70 não é a resposta!
Tente novamente: 
Errou! 66 não é a resposta!
Tente novamente: 
Errou! 50 não é a resposta!
Tente novamente: 
Errou! 38 não é a resposta!
Tente novamente: 
Errou! 61 não é a resposta!
Tente novamente: 
Errou! 7 não é a resposta!
Tente novamente: 
Errou! 69 não é a resposta!
Tente novamente: 
Errou! 69 não é a resposta!
Tente novamente: 
Errou! 58 não é a resposta!
Tente novamente: 
Errou! 20 não é a resposta!
Tente novamente: 
Errou! 35 não é a resposta!
Tente novamente: 
Errou! 91 não é a resposta!
Tente novamente: 
Errou! 6 não é a resposta!
Tente novamente: 
Errou! 67 não é a resposta!
Tente novamente: 
Errou! 20 não é a resposta!
Tente novamente: 
Errou! 88 não é a resposta!
Tente novamente: 
Errou! 88 não é a resposta!
Tente novamente: 
Errou! 79 não é a resposta!
Tente novamente: 
Errou! 19 não é a resposta!
Tente novamente: 
Errou! 98 não é a resposta!
Tente novamente: 
Errou! 18 não é a resposta!
Tente novamente: 
Errou! 97 não é a resposta!
Tente novamente: 
Errou! 37 não é a resposta!
Tente novamente: 
Errou! 61 não é a resposta!
Tente novamente: 
Errou! 40 não é a resposta!
Tente novamente: 
Errou! 16 não é a resposta!
Tente novamente: 
Errou! 26 não é a resposta!
Tente novamente: 
Errou! 60 não é a resposta!
Tente novamente: 
Errou! 39 não é a resposta!
Tente novamente: 
Errou! 43 não é a resposta!
Tente novamente: 
Errou! 61 não é a resposta!
Tente novamente: 
Errou! 90 não é a resposta!
Tente novamente: 
Errou! 32 não é a resposta!
Tente novamente: 
Errou! 21 não é a resposta!
Tente novamente: 
Errou! 92 não é a resposta!
Tente novamente: 
Errou! 13 não é a resposta!
Tente novamente: 
Errou! 16 não é a resposta!
Tente novamente: 
Errou! 94 não é a resposta!
Tente novamente: 
Errou! 16 não é a resposta!
Tente novamente: 
Errou! 91 não é a resposta!
Tente novamente: 
Errou! 91 não é a resposta!
Tente novamente: 
Errou! 50 não é a resposta!
Tente novamente: 
Errou! 17 não é a resposta!
Tente novamente: 
Errou! 79 não é a resposta!
Tente novamente: 
Errou! 86 não é a resposta!
Tente novamente: 
Errou! 14 não é a resposta!
Tente novamente: 
Errou! 70 não é a resposta!
Tente novamente: 
Errou! 38 não é a resposta!
Tente novamente: 
Errou! 18 não é a resposta!
Tente novamente: 
Errou! 93 não é a resposta!
Tente novamente: 
Errou! 73 não é a resposta!
Tente novamente: 
Errou! 53 não é a resposta!
Tente novamente: 
Errou! 1 não é a resposta!
Tente novamente: Parabéns! Você acertou! O número mais próximo de 4 é 4.


Qual o valor mais próximo de 65:

Errou! 62 não é a resposta!
Tente novamente: 
Errou! 10 não é a resposta!
Tente novamente: 
Errou! 20 não é a resposta!
Tente novamente: 
Errou! 59 não é a resposta!
Tente novamente: 
Errou! 100 não é a resposta!
Tente novamente: 
Errou! 90 não é a resposta!
Tente novamente: 
Errou! 98 não é a resposta!
Tente novamente: 
Errou! 94 não é a resposta!
Tente novamente: 
Errou! 80 não é a resposta!
Tente novamente: 
Errou! 100 não é a resposta!
Tente novamente: 
Errou! 41 não é a resposta!
Tente novamente: 
Errou! 51 não é a resposta!
Tente novamente: 
Errou! 35 não é a resposta!
Tente novamente: 
Errou! 71 não é a resposta!
Tente novamente: 
Errou! 99 não é a resposta!
Tente novamente: 
Errou! 95 não é a resposta!
Tente novamente: 
Errou! 27 não é a resposta!
Tente novamente: 
Errou! 12 não é a resposta!
Tente novamente: 
Errou! 97 não é a resposta!
Tente novamente: 
Errou! 1 não é a resposta!
Tente novamente: 
Errou! 3 não é a resposta!
Tente novamente: 
Errou! 38 não é a resposta!
Tente novamente: 
Errou! 21 não é a resposta!
Tente novamente: 
Errou! 34 não é a resposta!
Tente novamente: 
Errou! 67 não é a resposta!
Tente novamente: 
Errou! 69 não é a resposta!
Tente novamente: 
Errou! 81 não é a resposta!
Tente novamente: 
Errou! 16 não é a resposta!
Tente novamente: 
Errou! 2 não é a resposta!
Tente novamente: 
Errou! 65 não é a resposta!
Tente novamente: 
Errou! 26 não é a resposta!
Tente novamente: 
Errou! 67 não é a resposta!
Tente novamente: 
Errou! 8 não é a resposta!
Tente novamente: 
Errou! 67 não é a resposta!
Tente novamente: 
Errou! 24 não é a resposta!
Tente novamente: 
Errou! 88 não é a resposta!
Tente novamente: 
Errou! 5 não é a resposta!
Tente novamente: 
Errou! 98 não é a resposta!
Tente novamente: 
Errou! 39 não é a resposta!
Tente novamente: 
Errou! 3 não é a resposta!
Tente novamente: 
Errou! 85 não é a resposta!
Tente novamente: 
Errou! 86 não é a resposta!
Tente novamente: 
Errou! 24 não é a resposta!
Tente novamente: 
Errou! 91 não é a resposta!
Tente novamente: 
Errou! 79 não é a resposta!
Tente novamente: 
Errou! 87 não é a resposta!
Tente novamente: 
Errou! 62 não é a resposta!
Tente novamente: 
Errou! 28 não é a resposta!
Tente novamente: 
Errou! 63 não é a resposta!
Tente novamente: 
Errou! 26 não é a resposta!
Tente novamente: 
Errou! 77 não é a resposta!
Tente novamente: 
Errou! 26 não é a resposta!
Tente novamente: 
Errou! 62 não é a resposta!
Tente novamente: 
Errou! 33 não é a resposta!
Tente novamente: 
Errou! 35 não é a resposta!
Tente novamente: 
Errou! 22 não é a resposta!
Tente novamente: 
Errou! 48 não é a resposta!
Tente novamente: 
Errou! 43 não é a resposta!
Tente novamente: 
Errou! 2 não é a resposta!
Tente novamente: 
Errou! 69 não é a resposta!
Tente novamente: 
Errou! 92 não é a resposta!
Tente novamente: 
Errou! 17 não é a resposta!
Tente novamente: 
Errou! 15 não é a resposta!
Tente novamente: 
Errou! 26 não é a resposta!
Tente novamente: 
Errou! 26 não é a resposta!
Tente novamente: 
Errou! 8 não é a resposta!
Tente novamente: 
Errou! 9 não é a resposta!
Tente novamente: 
Errou! 69 não é a resposta!
Tente novamente: 
Errou! 25 não é a resposta!
Tente novamente: 
Errou! 53 não é a resposta!
Tente novamente: 
Errou! 9 não é a resposta!
Tente novamente: 
Errou! 10 não é a resposta!
Tente novamente: 
Errou! 18 não é a resposta!
Tente novamente: 
Errou! 1 não é a resposta!
Tente novamente: 
Errou! 51 não é a resposta!
Tente novamente: 
Errou! 38 não é a resposta!
Tente novamente: 
Errou! 74 não é a resposta!
Tente novamente: 
Errou! 40 não é a resposta!
Tente novamente: 
Errou! 38 não é a resposta!
Tente novamente: 
Errou! 28 não é a resposta!
Tente novamente: 
Errou! 36 não é a resposta!
Tente novamente: 
Errou! 15 não é a resposta!
Tente novamente: 
Errou! 98 não é a resposta!
Tente novamente: 
Errou! 68 não é a resposta!
Tente novamente: 
Errou! 67 não é a resposta!
Tente novamente: 
Errou! 78 não é a resposta!
Tente novamente: 
Errou! 41 não é a resposta!
Tente novamente: 
Errou! 89 não é a resposta!
Tente novamente: 
Errou! 51 não é a resposta!
Tente novamente: 
Errou! 30 não é a resposta!
Tente novamente: 
Errou! 40 não é a resposta!
Tente novamente: 
Errou! 9 não é a resposta!
Tente novamente: 
Errou! 13 não é a resposta!
Tente novamente: 
Errou! 36 não é a resposta!
Tente novamente: 
Errou! 29 não é a resposta!
Tente novamente: 
Errou! 60 não é a resposta!
Tente novamente: 
Errou! 64 não é a resposta!
Tente novamente: 
Errou! 53 não é a resposta!
Tente novamente: 
Errou! 57 não é a resposta!
Tente novamente: 
Errou! 17 não é a resposta!
Tente novamente: 
Errou! 7 não é a resposta!
Tente novamente: 
Errou! 35 não é a resposta!
Tente novamente: 
Errou! 77 não é a resposta!
Tente novamente: 
Errou! 65 não é a resposta!
Tente novamente: 
Errou! 26 não é a resposta!
Tente novamente: 
Errou! 22 não é a resposta!
Tente novamente: 
Errou! 57 não é a resposta!
Tente novamente: 
Errou! 81 não é a resposta!
Tente novamente: 
Errou! 53 não é a resposta!
Tente novamente: 
Errou! 8 não é a resposta!
Tente novamente: 
Errou! 53 não é a resposta!
Tente novamente: 
Errou! 44 não é a resposta!
Tente novamente: 
Errou! 98 não é a resposta!
Tente novamente: 
Errou! 8 não é a resposta!
Tente novamente: 
Errou! 29 não é a resposta!
Tente novamente: 
Errou! 25 não é a resposta!
Tente novamente: 
Errou! 73 não é a resposta!
Tente novamente: 
Errou! 42 não é a resposta!
Tente novamente: 
Errou! 75 não é a resposta!
Tente novamente: 
Errou! 3 não é a resposta!
Tente novamente: 
Errou! 88 não é a resposta!
Tente novamente: 
Errou! 23 não é a resposta!
Tente novamente: 
Errou! 38 não é a resposta!
Tente novamente: 
Errou! 30 não é a resposta!
Tente novamente: 
Errou! 22 não é a resposta!
Tente novamente: 
Errou! 1 não é a resposta!
Tente novamente: 
Errou! 87 não é a resposta!
Tente novamente: 
Errou! 22 não é a resposta!
Tente novamente: 
Errou! 35 não é a resposta!
Tente novamente: 
Errou! 26 não é a resposta!
Tente novamente: 
Errou! 34 não é a resposta!
Tente novamente: 
Errou! 46 não é a resposta!
Tente novamente: 
Errou! 20 não é a resposta!
Tente novamente: 
Errou! 36 não é a resposta!
Tente novamente: 
Errou! 41 não é a resposta!
Tente novamente: 
Errou! 13 não é a resposta!
Tente novamente: 
Errou! 61 não é a resposta!
Tente novamente: 
Errou! 5 não é a resposta!
Tente novamente: 
Errou! 80 não é a resposta!
Tente novamente: 
Errou! 15 não é a resposta!
Tente novamente: 
Errou! 81 não é a resposta!
Tente novamente: 
Errou! 71 não é a resposta!
Tente novamente: 
Errou! 9 não é a resposta!
Tente novamente: 
Errou! 50 não é a resposta!
Tente novamente: 
Errou! 22 não é a resposta!
Tente novamente: 
Errou! 53 não é a resposta!
Tente novamente: 
Errou! 11 não é a resposta!
Tente novamente: 
Errou! 92 não é a resposta!
Tente novamente: 
Errou! 94 não é a resposta!
Tente novamente: 
Errou! 31 não é a resposta!
Tente novamente: 
Errou! 78 não é a resposta!
Tente novamente: 
Errou! 32 não é a resposta!
Tente novamente: 
Errou! 52 não é a resposta!
Tente novamente: 
Errou! 12 não é a resposta!
Tente novamente: 
Errou! 69 não é a resposta!
Tente novamente: 
Errou! 75 não é a resposta!
Tente novamente: 
Errou! 62 não é a resposta!
Tente novamente: 
Errou! 56 não é a resposta!
Tente novamente: 
Errou! 31 não é a resposta!
Tente novamente: 
Errou! 38 não é a resposta!
Tente novamente: 
Errou! 51 não é a resposta!
Tente novamente: 
Errou! 5 não é a resposta!
Tente novamente: 
Errou! 90 não é a resposta!
Tente novamente: 
Errou! 54 não é a resposta!
Tente novamente: 
Errou! 33 não é a resposta!
Tente novamente: 
Errou! 14 não é a resposta!
Tente novamente: 
Errou! 23 não é a resposta!
Tente novamente: 
Errou! 85 não é a resposta!
Tente novamente: 
Errou! 49 não é a resposta!
Tente novamente: 
Errou! 27 não é a resposta!
Tente novamente: 
Errou! 78 não é a resposta!
Tente novamente: 
Errou! 40 não é a resposta!
Tente novamente: 
Errou! 75 não é a resposta!
Tente novamente: 
Errou! 37 não é a resposta!
Tente novamente: 
Errou! 28 não é a resposta!
Tente novamente: 
Errou! 65 não é a resposta!
Tente novamente: 
Errou! 98 não é a resposta!
Tente novamente: 
Errou! 51 não é a resposta!
Tente novamente: 
Errou! 2 não é a resposta!
Tente novamente: 
Errou! 57 não é a resposta!
Tente novamente: 
Errou! 65 não é a resposta!
Tente novamente: 
Errou! 100 não é a resposta!
Tente novamente: 
Errou! 66 não é a resposta!
Tente novamente: 
Errou! 8 não é a resposta!
Tente novamente: 
Errou! 78 não é a resposta!
Tente novamente: 
Errou! 28 não é a resposta!
Tente novamente: 
Errou! 3 não é a resposta!
Tente novamente: 
Errou! 82 não é a resposta!
Tente novamente: 
Errou! 60 não é a resposta!
Tente novamente: 
Errou! 83 não é a resposta!
Tente novamente: 
Errou! 46 não é a resposta!
Tente novamente: 
Errou! 40 não é a resposta!
Tente novamente: 
Errou! 31 não é a resposta!
Tente novamente: 
Errou! 27 não é a resposta!
Tente novamente: 
Errou! 75 não é a resposta!
Tente novamente: 
Errou! 53 não é a resposta!
Tente novamente: 
Errou! 38 não é a resposta!
Tente novamente: 
Errou! 51 não é a resposta!
Tente novamente: 
Errou! 85 não é a resposta!
Tente novamente: 
Errou! 99 não é a resposta!
Tente novamente: 
Errou! 60 não é a resposta!
Tente novamente: 
Errou! 2 não é a resposta!
Tente novamente: 
Errou! 64 não é a resposta!
Tente novamente: 
Errou! 58 não é a resposta!
Tente novamente: 
Errou! 100 não é a resposta!
Tente novamente: 
Errou! 48 não é a resposta!
Tente novamente: 
Errou! 85 não é a resposta!
Tente novamente: 
Errou! 85 não é a resposta!
Tente novamente: 
Errou! 75 não é a resposta!
Tente novamente: 
Errou! 9 não é a resposta!
Tente novamente: 
Errou! 23 não é a resposta!
Tente novamente: 
Errou! 1 não é a resposta!
Tente novamente: 
Errou! 66 não é a resposta!
Tente novamente: 
Errou! 20 não é a resposta!
Tente novamente: 
Errou! 45 não é a resposta!
Tente novamente: 
Errou! 56 não é a resposta!
Tente novamente: 
Errou! 52 não é a resposta!
Tente novamente: 
Errou! 6 não é a resposta!
Tente novamente: 
Errou! 7 não é a resposta!
Tente novamente: 
Errou! 7 não é a resposta!
Tente novamente: 
Errou! 61 não é a resposta!
Tente novamente: 
Errou! 56 não é a resposta!
Tente novamente: 
Errou! 14 não é a resposta!
Tente novamente: 
Errou! 33 não é a resposta!
Tente novamente: 
Errou! 24 não é a resposta!
Tente novamente: 
Errou! 74 não é a resposta!
Tente novamente: 
Errou! 13 não é a resposta!
Tente novamente: 
Errou! 29 não é a resposta!
Tente novamente: 
Errou! 47 não é a resposta!
Tente novamente: 
Errou! 23 não é a resposta!
Tente novamente: 
Errou! 33 não é a resposta!
Tente novamente: 
Errou! 88 não é a resposta!
Tente novamente: 
Errou! 35 não é a resposta!
Tente novamente: 
Errou! 84 não é a resposta!
Tente novamente: 
Errou! 42 não é a resposta!
Tente novamente: 
Errou! 74 não é a resposta!
Tente novamente: 
Errou! 3 não é a resposta!
Tente novamente: 
Errou! 47 não é a resposta!
Tente novamente: 
Errou! 56 não é a resposta!
Tente novamente: 
Errou! 14 não é a resposta!
Tente novamente: 
Errou! 48 não é a resposta!
Tente novamente: 
Errou! 100 não é a resposta!
Tente novamente: 
Errou! 53 não é a resposta!
Tente novamente: 
Errou! 87 não é a resposta!
Tente novamente: 
Errou! 34 não é a resposta!
Tente novamente: 
Errou! 100 não é a resposta!
Tente novamente: 
Errou! 32 não é a resposta!
Tente novamente: 
Errou! 63 não é a resposta!
Tente novamente: 
Errou! 49 não é a resposta!
Tente novamente: 
Errou! 50 não é a resposta!
Tente novamente: 
Errou! 31 não é a resposta!
Tente novamente: 
Errou! 14 não é a resposta!
Tente novamente: 
Errou! 61 não é a resposta!
Tente novamente: 
Errou! 2 não é a resposta!
Tente novamente: 
Errou! 59 não é a resposta!
Tente novamente: 
Errou! 47 não é a resposta!
Tente novamente: 
Errou! 86 não é a resposta!
Tente novamente: 
Errou! 62 não é a resposta!
Tente novamente: 
Errou! 57 não é a resposta!
Tente novamente: 
Errou! 73 não é a resposta!
Tente novamente: 
Errou! 17 não é a resposta!
Tente novamente: 
Errou! 98 não é a resposta!
Tente novamente: 
Errou! 11 não é a resposta!
Tente novamente: 
Errou! 32 não é a resposta!
Tente novamente: 
Errou! 38 não é a resposta!
Tente novamente: 
Errou! 96 não é a resposta!
Tente novamente: 
Errou! 28 não é a resposta!
Tente novamente: 
Errou! 39 não é a resposta!
Tente novamente: 
Errou! 24 não é a resposta!
Tente novamente: 
Errou! 63 não é a resposta!
Tente novamente: 
Errou! 28 não é a resposta!
Tente novamente: 
Errou! 57 não é a resposta!
Tente novamente: 
Errou! 81 não é a resposta!
Tente novamente: 
Errou! 17 não é a resposta!
Tente novamente: 
Errou! 17 não é a resposta!
Tente novamente: 
Errou! 65 não é a resposta!
Tente novamente: 
Errou! 71 não é a resposta!
Tente novamente: 
Errou! 39 não é a resposta!
Tente novamente: 
Errou! 100 não é a resposta!
Tente novamente: 
Errou! 74 não é a resposta!
Tente novamente: 
Errou! 91 não é a resposta!
Tente novamente: 
Errou! 14 não é a resposta!
Tente novamente: 
Errou! 4 não é a resposta!
Tente novamente: 
Errou! 65 não é a resposta!
Tente novamente: 
Errou! 17 não é a resposta!
Tente novamente: 
Errou! 7 não é a resposta!
Tente novamente: 
Errou! 4 não é a resposta!
Tente novamente: 
Errou! 41 não é a resposta!
Tente novamente: 
Errou! 38 não é a resposta!
Tente novamente: 
Errou! 87 não é a resposta!
Tente novamente: 
Errou! 82 não é a resposta!
Tente novamente: 
Errou! 1 não é a resposta!
Tente novamente: 
Errou! 61 não é a resposta!
Tente novamente: 
Errou! 8 não é a resposta!
Tente novamente: 
Errou! 64 não é a resposta!
Tente novamente: 
Errou! 64 não é a resposta!
Tente novamente: 
Errou! 75 não é a resposta!
Tente novamente: 
Errou! 22 não é a resposta!
Tente novamente: 
Errou! 6 não é a resposta!
Tente novamente: 
Errou! 27 não é a resposta!
Tente novamente: 
Errou! 62 não é a resposta!
Tente novamente: 
Errou! 74 não é a resposta!
Tente novamente: 
Errou! 76 não é a resposta!
Tente novamente: 
Errou! 54 não é a resposta!
Tente novamente: 
Errou! 49 não é a resposta!
Tente novamente: 
Errou! 93 não é a resposta!
Tente novamente: 
Errou! 33 não é a resposta!
Tente novamente: 
Errou! 73 não é a resposta!
Tente novamente: 
Errou! 38 não é a resposta!
Tente novamente: 
Errou! 93 não é a resposta!
Tente novamente: 
Errou! 4 não é a resposta!
Tente novamente: 
Errou! 69 não é a resposta!
Tente novamente: 
Errou! 50 não é a resposta!
Tente novamente: 
Errou! 36 não é a resposta!
Tente novamente: 
Errou! 3 não é a resposta!
Tente novamente: 
Errou! 93 não é a resposta!
Tente novamente: 
Errou! 100 não é a resposta!
Tente novamente: 
Errou! 27 não é a resposta!
Tente novamente: 
Errou! 61 não é a resposta!
Tente novamente: 
Errou! 43 não é a resposta!
Tente novamente: 
Errou! 94 não é a resposta!
Tente novamente: 
Errou! 74 não é a resposta!
Tente novamente: 
Errou! 94 não é a resposta!
Tente novamente: 
Errou! 92 não é a resposta!
Tente novamente: 
Errou! 65 não é a resposta!
Tente novamente: 
Errou! 73 não é a resposta!
Tente novamente: 
Errou! 69 não é a resposta!
Tente novamente: 
Errou! 91 não é a resposta!
Tente novamente: 
Errou! 74 não é a resposta!
Tente novamente: 
Errou! 20 não é a resposta!
Tente novamente: 
Errou! 87 não é a resposta!
Tente novamente: 
Errou! 35 não é a resposta!
Tente novamente: 
Errou! 20 não é a resposta!
Tente novamente: 
Errou! 47 não é a resposta!
Tente novamente: 
Errou! 68 não é a resposta!
Tente novamente: 
Errou! 37 não é a resposta!
Tente novamente: 
Errou! 73 não é a resposta!
Tente novamente: 
Errou! 26 não é a resposta!
Tente novamente: 
Errou! 34 não é a resposta!
Tente novamente: 
Errou! 40 não é a resposta!
Tente novamente: 
Errou! 14 não é a resposta!
Tente novamente: 
Errou! 95 não é a resposta!
Tente novamente: 
Errou! 74 não é a resposta!
Tente novamente: 
Errou! 47 não é a resposta!
Tente novamente: 
Errou! 87 não é a resposta!
Tente novamente: 
Errou! 92 não é a resposta!
Tente novamente: 
Errou! 100 não é a resposta!
Tente novamente: 
Errou! 24 não é a resposta!
Tente novamente: 
Errou! 98 não é a resposta!
Tente novamente: 
Errou! 79 não é a resposta!
Tente novamente: 
Errou! 95 não é a resposta!
Tente novamente: 
Errou! 63 não é a resposta!
Tente novamente: 
Errou! 28 não é a resposta!
Tente novamente: 
Errou! 74 não é a resposta!
Tente novamente: 
Errou! 19 não é a resposta!
Tente novamente: 
Errou! 85 não é a resposta!
Tente novamente: 
Errou! 80 não é a resposta!
Tente novamente: 
Errou! 44 não é a resposta!
Tente novamente: 
Errou! 71 não é a resposta!
Tente novamente: 
Errou! 43 não é a resposta!
Tente novamente: 
Errou! 29 não é a resposta!
Tente novamente: 
Errou! 48 não é a resposta!
Tente novamente: 
Errou! 85 não é a resposta!
Tente novamente: 
Errou! 23 não é a resposta!
Tente novamente: 
Errou! 90 não é a resposta!
Tente novamente: 
Errou! 90 não é a resposta!
Tente novamente: 
Errou! 10 não é a resposta!
Tente novamente: 
Errou! 19 não é a resposta!
Tente novamente: 
Errou! 58 não é a resposta!
Tente novamente: 
Errou! 79 não é a resposta!
Tente novamente: 
Errou! 59 não é a resposta!
Tente novamente: 
Errou! 88 não é a resposta!
Tente novamente: 
Errou! 61 não é a resposta!
Tente novamente: 
Errou! 13 não é a resposta!
Tente novamente: 
Errou! 88 não é a resposta!
Tente novamente: 
Errou! 91 não é a resposta!
Tente novamente: 
Errou! 78 não é a resposta!
Tente novamente: 
Errou! 88 não é a resposta!
Tente novamente: 
Errou! 74 não é a resposta!
Tente novamente: 
Errou! 23 não é a resposta!
Tente novamente: 
Errou! 78 não é a resposta!
Tente novamente: 
Errou! 38 não é a resposta!
Tente novamente: 
Errou! 49 não é a resposta!
Tente novamente: 
Errou! 59 não é a resposta!
Tente novamente: 
Errou! 76 não é a resposta!
Tente novamente: 
Errou! 86 não é a resposta!
Tente novamente: 
Errou! 81 não é a resposta!
Tente novamente: 
Errou! 86 não é a resposta!
Tente novamente: 
Errou! 49 não é a resposta!
Tente novamente: 
Errou! 62 não é a resposta!
Tente novamente: 
Errou! 42 não é a resposta!
Tente novamente: 
Errou! 51 não é a resposta!
Tente novamente: 
Errou! 33 não é a resposta!
Tente novamente: 
Errou! 29 não é a resposta!
Tente novamente: 
Errou! 71 não é a resposta!
Tente novamente: 
Errou! 40 não é a resposta!
Tente novamente: 
Errou! 20 não é a resposta!
Tente novamente: 
Errou! 25 não é a resposta!
Tente novamente: 
Errou! 39 não é a resposta!
Tente novamente: 
Errou! 25 não é a resposta!
Tente novamente: 
Errou! 66 não é a resposta!
Tente novamente: 
Errou! 56 não é a resposta!
Tente novamente: 
Errou! 9 não é a resposta!
Tente novamente: 
Errou! 100 não é a resposta!
Tente novamente: 
Errou! 67 não é a resposta!
Tente novamente: 
Errou! 77 não é a resposta!
Tente novamente: 
Errou! 40 não é a resposta!
Tente novamente: 
Errou! 78 não é a resposta!
Tente novamente: 
Errou! 61 não é a resposta!
Tente novamente: 
Errou! 91 não é a resposta!
Tente novamente: 
Errou! 89 não é a resposta!
Tente novamente: 
Errou! 61 não é a resposta!
Tente novamente: 
Errou! 22 não é a resposta!
Tente novamente: 
Errou! 30 não é a resposta!
Tente novamente: 
Errou! 5 não é a resposta!
Tente novamente: 
Errou! 15 não é a resposta!
Tente novamente: 
Errou! 37 não é a resposta!
Tente novamente: 
Errou! 32 não é a resposta!
Tente novamente: 
Errou! 14 não é a resposta!
Tente novamente: 
Errou! 48 não é a resposta!
Tente novamente: 
Errou! 96 não é a resposta!
Tente novamente: 
Errou! 83 não é a resposta!
Tente novamente: 
Errou! 6 não é a resposta!
Tente novamente: 
Errou! 80 não é a resposta!
Tente novamente: 
Errou! 9 não é a resposta!
Tente novamente: 
Errou! 15 não é a resposta!
Tente novamente: 
Errou! 2 não é a resposta!
Tente novamente: 
Errou! 43 não é a resposta!
Tente novamente: 
Errou! 66 não é a resposta!
Tente novamente: 
Errou! 88 não é a resposta!
Tente novamente: 
Errou! 72 não é a resposta!
Tente novamente: Parabéns! Você acertou! O número mais próximo de 65 é 70.


Qual o valor mais próximo de 26:

Errou! 15 não é a resposta!
Tente novamente: 
Errou! 81 não é a resposta!
Tente novamente: 
Errou! 87 não é a resposta!
Tente novamente: 
Errou! 8 não é a resposta!
Tente novamente: 
Errou! 80 não é a resposta!
Tente novamente: 
Errou! 21 não é a resposta!
Tente novamente: 
Errou! 9 não é a resposta!
Tente novamente: 
Errou! 23 não é a resposta!
Tente novamente: 
Errou! 60 não é a resposta!
Tente novamente: 
Errou! 34 não é a resposta!
Tente novamente: 
Errou! 57 não é a resposta!
Tente novamente: 
Errou! 2 não é a resposta!
Tente novamente: 
Errou! 52 não é a resposta!
Tente novamente: 
Errou! 96 não é a resposta!
Tente novamente: 
Errou! 4 não é a resposta!
Tente novamente: 
Errou! 44 não é a resposta!
Tente novamente: 
Errou! 3 não é a resposta!
Tente novamente: 
Errou! 65 não é a resposta!
Tente novamente: 
Errou! 43 não é a resposta!
Tente novamente: 
Errou! 27 não é a resposta!
Tente novamente: 
Errou! 22 não é a resposta!
Tente novamente: 
Errou! 2 não é a resposta!
Tente novamente: 
Errou! 39 não é a resposta!
Tente novamente: 
Errou! 55 não é a resposta!
Tente novamente: 
Errou! 92 não é a resposta!
Tente novamente: 
Errou! 42 não é a resposta!
Tente novamente: 
Errou! 60 não é a resposta!
Tente novamente: 
Errou! 38 não é a resposta!
Tente novamente: 
Errou! 96 não é a resposta!
Tente novamente: 
Errou! 81 não é a resposta!
Tente novamente: 
Errou! 4 não é a resposta!
Tente novamente: 
Errou! 73 não é a resposta!
Tente novamente: 
Errou! 61 não é a resposta!
Tente novamente: 
Errou! 64 não é a resposta!
Tente novamente: 
Errou! 55 não é a resposta!
Tente novamente: 
Errou! 25 não é a resposta!
Tente novamente: 
Errou! 4 não é a resposta!
Tente novamente: 
Errou! 10 não é a resposta!
Tente novamente: 
Errou! 80 não é a resposta!
Tente novamente: 
Errou! 97 não é a resposta!
Tente novamente: 
Errou! 75 não é a resposta!
Tente novamente: 
Errou! 81 não é a resposta!
Tente novamente: 
Errou! 42 não é a resposta!
Tente novamente: 
Errou! 64 não é a resposta!
Tente novamente: 
Errou! 27 não é a resposta!
Tente novamente: 
Errou! 72 não é a resposta!
Tente novamente: 
Errou! 85 não é a resposta!
Tente novamente: 
Errou! 90 não é a resposta!
Tente novamente: 
Errou! 22 não é a resposta!
Tente novamente: 
Errou! 49 não é a resposta!
Tente novamente: 
Errou! 94 não é a resposta!
Tente novamente: 
Errou! 2 não é a resposta!
Tente novamente: 
Errou! 18 não é a resposta!
Tente novamente: 
Errou! 21 não é a resposta!
Tente novamente: 
Errou! 99 não é a resposta!
Tente novamente: 
Errou! 62 não é a resposta!
Tente novamente: 
Errou! 47 não é a resposta!
Tente novamente: 
Errou! 8 não é a resposta!
Tente novamente: 
Errou! 89 não é a resposta!
Tente novamente: 
Errou! 89 não é a resposta!
Tente novamente: 
Errou! 79 não é a resposta!
Tente novamente: 
Errou! 86 não é a resposta!
Tente novamente: 
Errou! 61 não é a resposta!
Tente novamente: 
Errou! 97 não é a resposta!
Tente novamente: 
Errou! 55 não é a resposta!
Tente novamente: 
Errou! 7 não é a resposta!
Tente novamente: 
Errou! 25 não é a resposta!
Tente novamente: 
Errou! 20 não é a resposta!
Tente novamente: 
Errou! 33 não é a resposta!
Tente novamente: 
Errou! 45 não é a resposta!
Tente novamente: 
Errou! 41 não é a resposta!
Tente novamente: 
Errou! 81 não é a resposta!
Tente novamente: 
Errou! 10 não é a resposta!
Tente novamente: 
Errou! 44 não é a resposta!
Tente novamente: 
Errou! 92 não é a resposta!
Tente novamente: 
Errou! 94 não é a resposta!
Tente novamente: 
Errou! 51 não é a resposta!
Tente novamente: 
Errou! 95 não é a resposta!
Tente novamente: 
Errou! 37 não é a resposta!
Tente novamente: 
Errou! 53 não é a resposta!
Tente novamente: 
Errou! 46 não é a resposta!
Tente novamente: 
Errou! 76 não é a resposta!
Tente novamente: 
Errou! 88 não é a resposta!
Tente novamente: 
Errou! 89 não é a resposta!
Tente novamente: 
Errou! 8 não é a resposta!
Tente novamente: 
Errou! 79 não é a resposta!
Tente novamente: 
Errou! 24 não é a resposta!
Tente novamente: 
Errou! 58 não é a resposta!
Tente novamente: 
Errou! 60 não é a resposta!
Tente novamente: 
Errou! 66 não é a resposta!
Tente novamente: 
Errou! 79 não é a resposta!
Tente novamente: 
Errou! 77 não é a resposta!
Tente novamente: 
Errou! 45 não é a resposta!
Tente novamente: 
Errou! 81 não é a resposta!
Tente novamente: 
Errou! 82 não é a resposta!
Tente novamente: 
Errou! 1 não é a resposta!
Tente novamente: 
Errou! 24 não é a resposta!
Tente novamente: 
Errou! 6 não é a resposta!
Tente novamente: 
Errou! 69 não é a resposta!
Tente novamente: 
Errou! 20 não é a resposta!
Tente novamente: 
Errou! 61 não é a resposta!
Tente novamente: 
Errou! 2 não é a resposta!
Tente novamente: 
Errou! 96 não é a resposta!
Tente novamente: 
Errou! 81 não é a resposta!
Tente novamente: 
Errou! 32 não é a resposta!
Tente novamente: 
Errou! 25 não é a resposta!
Tente novamente: 
Errou! 84 não é a resposta!
Tente novamente: 
Errou! 39 não é a resposta!
Tente novamente: 
Errou! 30 não é a resposta!
Tente novamente: 
Errou! 12 não é a resposta!
Tente novamente: 
Errou! 77 não é a resposta!
Tente novamente: 
Errou! 38 não é a resposta!
Tente novamente: 
Errou! 98 não é a resposta!
Tente novamente: 
Errou! 61 não é a resposta!
Tente novamente: 
Errou! 81 não é a resposta!
Tente novamente: 
Errou! 4 não é a resposta!
Tente novamente: 
Errou! 48 não é a resposta!
Tente novamente: 
Errou! 8 não é a resposta!
Tente novamente: 
Errou! 23 não é a resposta!
Tente novamente: 
Errou! 61 não é a resposta!
Tente novamente: 
Errou! 40 não é a resposta!
Tente novamente: 
Errou! 2 não é a resposta!
Tente novamente: 
Errou! 13 não é a resposta!
Tente novamente: 
Errou! 52 não é a resposta!
Tente novamente: 
Errou! 6 não é a resposta!
Tente novamente: 
Errou! 39 não é a resposta!
Tente novamente: 
Errou! 90 não é a resposta!
Tente novamente: 
Errou! 58 não é a resposta!
Tente novamente: 
Errou! 88 não é a resposta!
Tente novamente: 
Errou! 84 não é a resposta!
Tente novamente: 
Errou! 45 não é a resposta!
Tente novamente: 
Errou! 30 não é a resposta!
Tente novamente: 
Errou! 47 não é a resposta!
Tente novamente: 
Errou! 80 não é a resposta!
Tente novamente: 
Errou! 83 não é a resposta!
Tente novamente: 
Errou! 61 não é a resposta!
Tente novamente: 
Errou! 15 não é a resposta!
Tente novamente: 
Errou! 24 não é a resposta!
Tente novamente: 
Errou! 62 não é a resposta!
Tente novamente: 
Errou! 63 não é a resposta!
Tente novamente: 
Errou! 26 não é a resposta!
Tente novamente: 
Errou! 83 não é a resposta!
Tente novamente: 
Errou! 48 não é a resposta!
Tente novamente: 
Errou! 75 não é a resposta!
Tente novamente: 
Errou! 45 não é a resposta!
Tente novamente: 
Errou! 37 não é a resposta!
Tente novamente: 
Errou! 74 não é a resposta!
Tente novamente: 
Errou! 19 não é a resposta!
Tente novamente: 
Errou! 35 não é a resposta!
Tente novamente: 
Errou! 68 não é a resposta!
Tente novamente: 
Errou! 89 não é a resposta!
Tente novamente: 
Errou! 71 não é a resposta!
Tente novamente: 
Errou! 57 não é a resposta!
Tente novamente: 
Errou! 45 não é a resposta!
Tente novamente: 
Errou! 14 não é a resposta!
Tente novamente: 
Errou! 77 não é a resposta!
Tente novamente: 
Errou! 4 não é a resposta!
Tente novamente: 
Errou! 100 não é a resposta!
Tente novamente: 
Errou! 49 não é a resposta!
Tente novamente: 
Errou! 38 não é a resposta!
Tente novamente: 
Errou! 83 não é a resposta!
Tente novamente: 
Errou! 44 não é a resposta!
Tente novamente: 
Errou! 2 não é a resposta!
Tente novamente: 
Errou! 54 não é a resposta!
Tente novamente: 
Errou! 31 não é a resposta!
Tente novamente: 
Errou! 16 não é a resposta!
Tente novamente: 
Errou! 18 não é a resposta!
Tente novamente: 
Errou! 56 não é a resposta!
Tente novamente: 
Errou! 63 não é a resposta!
Tente novamente: 
Errou! 18 não é a resposta!
Tente novamente: 
Errou! 99 não é a resposta!
Tente novamente: 
Errou! 9 não é a resposta!
Tente novamente: 
Errou! 65 não é a resposta!
Tente novamente: 
Errou! 83 não é a resposta!
Tente novamente: 
Errou! 43 não é a resposta!
Tente novamente: 
Errou! 71 não é a resposta!
Tente novamente: 
Errou! 55 não é a resposta!
Tente novamente: 
Errou! 74 não é a resposta!
Tente novamente: 
Errou! 46 não é a resposta!
Tente novamente: 
Errou! 9 não é a resposta!
Tente novamente: 
Errou! 14 não é a resposta!
Tente novamente: 
Errou! 62 não é a resposta!
Tente novamente: 
Errou! 38 não é a resposta!
Tente novamente: 
Errou! 22 não é a resposta!
Tente novamente: 
Errou! 62 não é a resposta!
Tente novamente: 
Errou! 75 não é a resposta!
Tente novamente: 
Errou! 99 não é a resposta!
Tente novamente: 
Errou! 59 não é a resposta!
Tente novamente: 
Errou! 42 não é a resposta!
Tente novamente: 
Errou! 47 não é a resposta!
Tente novamente: 
Errou! 68 não é a resposta!
Tente novamente: 
Errou! 47 não é a resposta!
Tente novamente: 
Errou! 97 não é a resposta!
Tente novamente: 
Errou! 90 não é a resposta!
Tente novamente: 
Errou! 60 não é a resposta!
Tente novamente: 
Errou! 55 não é a resposta!
Tente novamente: 
Errou! 48 não é a resposta!
Tente novamente: 
Errou! 91 não é a resposta!
Tente novamente: 
Errou! 68 não é a resposta!
Tente novamente: Saindo!
